<?xml version="1.0" encoding="UTF-8"?>
<testng-results skipped="0" failed="0" ignored="0" total="1" passed="1">
  <reporter-output>
    <line>
      <![CDATA[Test Case 01]]>
    </line>
  </reporter-output>
  <suite name="Default suite" duration-ms="71" started-at="2022-03-08T13:15:38 IST" finished-at="2022-03-08T13:15:38 IST">
    <groups>
    </groups>
    <test name="Default test" duration-ms="71" started-at="2022-03-08T13:15:38 IST" finished-at="2022-03-08T13:15:38 IST">
      <class name="TestCases.TC01">
        <test-method status="PASS" signature="tc01()[pri:0, instance:TestCases.TC01@113b13f]" name="tc01" duration-ms="14" started-at="2022-03-08T13:15:38 IST" finished-at="2022-03-08T13:15:38 IST">
          <reporter-output>
            <line>
              <![CDATA[Test Case 01]]>
            </line>
          </reporter-output>
        </test-method> <!-- tc01 -->
      </class> <!-- TestCases.TC01 -->
    </test> <!-- Default test -->
  </suite> <!-- Default suite -->
</testng-results>
